[
  {
    "Plan": {
      "Node Type": "Merge Join",
      "Parallel Aware": false,
      "Async Capable": false,
      "Join Type": "Right",
      "Startup Cost": 1.59,
      "Total Cost": 268074237.44,
      "Plan Rows": 11869304,
      "Plan Width": 93,
      "Actual Startup Time": 200.217,
      "Actual Total Time": 2475705.380,
      "Actual Rows": 1733,
      "Actual Loops": 1,
      "Output": ["a_name_attributes.value", "a_age_attributes.value", "\"as\".id", "\"as\".created_at", "'2022-07-28 07:33:50.426896'::timestamp without time zone", "\"as\".id", "bs.id", "bs.created_at"],
      "Inner Unique": false,
      "Merge Cond": "(as_bs.left_id = \"as\".id)",
      "Shared Hit Blocks": 3720993179,
      "Shared Read Blocks": 114541,
      "Shared Dirtied Blocks": 0,
      "Shared Written Blocks": 0,
      "Local Hit Blocks": 0,
      "Local Read Blocks": 0,
      "Local Dirtied Blocks": 0,
      "Local Written Blocks": 0,
      "Temp Read Blocks": 0,
      "Temp Written Blocks": 0,
      "Plans": [
        {
          "Node Type": "Nested Loop",
          "Parent Relationship": "Outer",
          "Parallel Aware": false,
          "Async Capable": false,
          "Join Type": "Left",
          "Startup Cost": 0.43,
          "Total Cost": 273184836.80,
          "Plan Rows": 20435,
          "Plan Width": 24,
          "Actual Startup Time": 194.518,
          "Actual Total Time": 1456216.976,
          "Actual Rows": 1003,
          "Actual Loops": 1,
          "Output": ["as_bs.left_id", "bs.id", "bs.created_at"],
          "Inner Unique": true,
          "Join Filter": "(bs.id = as_bs.right_id)",
          "Rows Removed by Join Filter": 502503,
          "Shared Hit Blocks": 3694810494,
          "Shared Read Blocks": 25739,
          "Shared Dirtied Blocks": 0,
          "Shared Written Blocks": 0,
          "Local Hit Blocks": 0,
          "Local Read Blocks": 0,
          "Local Dirtied Blocks": 0,
          "Local Written Blocks": 0,
          "Temp Read Blocks": 0,
          "Temp Written Blocks": 0,
          "Plans": [
            {
              "Node Type": "Index Only Scan",
              "Parent Relationship": "Outer",
              "Parallel Aware": false,
              "Async Capable": false,
              "Scan Direction": "Forward",
              "Index Name": "index_as_bs_on_left_id_and_right_id_and_valid_at",
              "Relation Name": "as_bs",
              "Schema": "public",
              "Alias": "as_bs",
              "Startup Cost": 0.43,
              "Total Cost": 272877673.99,
              "Plan Rows": 20435,
              "Plan Width": 16,
              "Actual Startup Time": 194.448,
              "Actual Total Time": 1444883.066,
              "Actual Rows": 1003,
              "Actual Loops": 1,
              "Output": ["as_bs.left_id", "as_bs.right_id", "as_bs.valid_at"],
              "Filter": "(as_bs.valid_at = (SubPlan 2))",
              "Rows Removed by Filter": 4085903,
              "Heap Fetches": 114482,
              "Shared Hit Blocks": 3694810488,
              "Shared Read Blocks": 25739,
              "Shared Dirtied Blocks": 0,
              "Shared Written Blocks": 0,
              "Local Hit Blocks": 0,
              "Local Read Blocks": 0,
              "Local Dirtied Blocks": 0,
              "Local Written Blocks": 0,
              "Temp Read Blocks": 0,
              "Temp Written Blocks": 0,
              "Plans": [
                {
                  "Node Type": "Result",
                  "Parent Relationship": "SubPlan",
                  "Subplan Name": "SubPlan 2",
                  "Parallel Aware": false,
                  "Async Capable": false,
                  "Startup Cost": 66.71,
                  "Total Cost": 66.72,
                  "Plan Rows": 1,
                  "Plan Width": 8,
                  "Actual Startup Time": 0.315,
                  "Actual Total Time": 0.326,
                  "Actual Rows": 1,
                  "Actual Loops": 4086906,
                  "Output": ["$1"],
                  "Shared Hit Blocks": 3694699846,
                  "Shared Read Blocks": 0,
                  "Shared Dirtied Blocks": 0,
                  "Shared Written Blocks": 0,
                  "Local Hit Blocks": 0,
                  "Local Read Blocks": 0,
                  "Local Dirtied Blocks": 0,
                  "Local Written Blocks": 0,
                  "Temp Read Blocks": 0,
                  "Temp Written Blocks": 0,
                  "Plans": [
                    {
                      "Node Type": "Limit",
                      "Parent Relationship": "InitPlan",
                      "Subplan Name": "InitPlan 1 (returns $1)",
                      "Parallel Aware": false,
                      "Async Capable": false,
                      "Startup Cost": 0.43,
                      "Total Cost": 66.71,
                      "Plan Rows": 1,
                      "Plan Width": 8,
                      "Actual Startup Time": 0.269,
                      "Actual Total Time": 0.280,
                      "Actual Rows": 1,
                      "Actual Loops": 4086906,
                      "Output": ["sub.valid_at"],
                      "Shared Hit Blocks": 3694699846,
                      "Shared Read Blocks": 0,
                      "Shared Dirtied Blocks": 0,
                      "Shared Written Blocks": 0,
                      "Local Hit Blocks": 0,
                      "Local Read Blocks": 0,
                      "Local Dirtied Blocks": 0,
                      "Local Written Blocks": 0,
                      "Temp Read Blocks": 0,
                      "Temp Written Blocks": 0,
                      "Plans": [
                        {
                          "Node Type": "Index Scan",
                          "Parent Relationship": "Outer",
                          "Parallel Aware": false,
                          "Async Capable": false,
                          "Scan Direction": "Backward",
                          "Index Name": "index_as_bs_on_valid_at",
                          "Relation Name": "as_bs",
                          "Schema": "public",
                          "Alias": "sub",
                          "Startup Cost": 0.43,
                          "Total Cost": 270905.24,
                          "Plan Rows": 4087,
                          "Plan Width": 8,
                          "Actual Startup Time": 0.245,
                          "Actual Total Time": 0.245,
                          "Actual Rows": 1,
                          "Actual Loops": 4086906,
                          "Output": ["sub.valid_at"],
                          "Index Cond": "((sub.valid_at IS NOT NULL) AND (sub.valid_at <= '2022-07-28 07:33:50.426896'::timestamp without time zone))",
                          "Rows Removed by Index Recheck": 0,
                          "Filter": "(sub.right_id = as_bs.right_id)",
                          "Rows Removed by Filter": 1007,
                          "Shared Hit Blocks": 3694699846,
                          "Shared Read Blocks": 0,
                          "Shared Dirtied Blocks": 0,
                          "Shared Written Blocks": 0,
                          "Local Hit Blocks": 0,
                          "Local Read Blocks": 0,
                          "Local Dirtied Blocks": 0,
                          "Local Written Blocks": 0,
                          "Temp Read Blocks": 0,
                          "Temp Written Blocks": 0
                        }
                      ]
                    }
                  ]
                }
              ]
            },
            {
              "Node Type": "Materialize",
              "Parent Relationship": "Inner",
              "Parallel Aware": false,
              "Async Capable": false,
              "Startup Cost": 0.00,
              "Total Cost": 21.05,
              "Plan Rows": 1003,
              "Plan Width": 16,
              "Actual Startup Time": 0.011,
              "Actual Total Time": 5.637,
              "Actual Rows": 502,
              "Actual Loops": 1003,
              "Output": ["bs.id", "bs.created_at"],
              "Shared Hit Blocks": 6,
              "Shared Read Blocks": 0,
              "Shared Dirtied Blocks": 0,
              "Shared Written Blocks": 0,
              "Local Hit Blocks": 0,
              "Local Read Blocks": 0,
              "Local Dirtied Blocks": 0,
              "Local Written Blocks": 0,
              "Temp Read Blocks": 0,
              "Temp Written Blocks": 0,
              "Plans": [
                {
                  "Node Type": "Seq Scan",
                  "Parent Relationship": "Outer",
                  "Parallel Aware": false,
                  "Async Capable": false,
                  "Relation Name": "bs",
                  "Schema": "public",
                  "Alias": "bs",
                  "Startup Cost": 0.00,
                  "Total Cost": 16.03,
                  "Plan Rows": 1003,
                  "Plan Width": 16,
                  "Actual Startup Time": 0.019,
                  "Actual Total Time": 9.686,
                  "Actual Rows": 1003,
                  "Actual Loops": 1,
                  "Output": ["bs.id", "bs.created_at"],
                  "Shared Hit Blocks": 6,
                  "Shared Read Blocks": 0,
                  "Shared Dirtied Blocks": 0,
                  "Shared Written Blocks": 0,
                  "Local Hit Blocks": 0,
                  "Local Read Blocks": 0,
                  "Local Dirtied Blocks": 0,
                  "Local Written Blocks": 0,
                  "Temp Read Blocks": 0,
                  "Temp Written Blocks": 0
                }
              ]
            }
          ]
        },
        {
          "Node Type": "Materialize",
          "Parent Relationship": "Inner",
          "Parallel Aware": false,
          "Async Capable": false,
          "Startup Cost": 1.16,
          "Total Cost": 5688189.71,
          "Plan Rows": 543078,
          "Plan Width": 61,
          "Actual Startup Time": 5.662,
          "Actual Total Time": 1019437.320,
          "Actual Rows": 1725,
          "Actual Loops": 1,
          "Output": ["\"as\".id", "\"as\".created_at", "a_name_attributes.value", "a_age_attributes.value"],
          "Shared Hit Blocks": 26182685,
          "Shared Read Blocks": 88802,
          "Shared Dirtied Blocks": 0,
          "Shared Written Blocks": 0,
          "Local Hit Blocks": 0,
          "Local Read Blocks": 0,
          "Local Dirtied Blocks": 0,
          "Local Written Blocks": 0,
          "Temp Read Blocks": 0,
          "Temp Written Blocks": 0,
          "Plans": [
            {
              "Node Type": "Nested Loop",
              "Parent Relationship": "Outer",
              "Parallel Aware": false,
              "Async Capable": false,
              "Join Type": "Inner",
              "Startup Cost": 1.16,
              "Total Cost": 5686832.01,
              "Plan Rows": 543078,
              "Plan Width": 61,
              "Actual Startup Time": 5.640,
              "Actual Total Time": 1019406.233,
              "Actual Rows": 914,
              "Actual Loops": 1,
              "Output": ["\"as\".id", "\"as\".created_at", "a_name_attributes.value", "a_age_attributes.value"],
              "Inner Unique": true,
              "Shared Hit Blocks": 26182685,
              "Shared Read Blocks": 88802,
              "Shared Dirtied Blocks": 0,
              "Shared Written Blocks": 0,
              "Local Hit Blocks": 0,
              "Local Read Blocks": 0,
              "Local Dirtied Blocks": 0,
              "Local Written Blocks": 0,
              "Temp Read Blocks": 0,
              "Temp Written Blocks": 0,
              "Plans": [
                {
                  "Node Type": "Nested Loop",
                  "Parent Relationship": "Outer",
                  "Parallel Aware": false,
                  "Async Capable": false,
                  "Join Type": "Inner",
                  "Startup Cost": 0.87,
                  "Total Cost": 5673018.95,
                  "Plan Rows": 543078,
                  "Plan Width": 61,
                  "Actual Startup Time": 5.559,
                  "Actual Total Time": 1019315.810,
                  "Actual Rows": 914,
                  "Actual Loops": 1,
                  "Output": ["a_name_attributes.value", "a_name_attributes.entity_id", "a_age_attributes.value", "a_age_attributes.entity_id"],
                  "Inner Unique": false,
                  "Shared Hit Blocks": 26179950,
                  "Shared Read Blocks": 88795,
                  "Shared Dirtied Blocks": 0,
                  "Shared Written Blocks": 0,
                  "Local Hit Blocks": 0,
                  "Local Read Blocks": 0,
                  "Local Dirtied Blocks": 0,
                  "Local Written Blocks": 0,
                  "Temp Read Blocks": 0,
                  "Temp Written Blocks": 0,
                  "Plans": [
                    {
                      "Node Type": "Index Scan",
                      "Parent Relationship": "Outer",
                      "Parallel Aware": false,
                      "Async Capable": false,
                      "Scan Direction": "Forward",
                      "Index Name": "index_a_name_attributes_on_entity_id",
                      "Relation Name": "a_name_attributes",
                      "Schema": "public",
                      "Alias": "a_name_attributes",
                      "Startup Cost": 0.43,
                      "Total Cost": 2690434.33,
                      "Plan Rows": 20700,
                      "Plan Width": 49,
                      "Actual Startup Time": 5.214,
                      "Actual Total Time": 500282.520,
                      "Actual Rows": 1003,
                      "Actual Loops": 1,
                      "Output": ["a_name_attributes.id", "a_name_attributes.entity_id", "a_name_attributes.value", "a_name_attributes.valid_at"],
                      "Filter": "(a_name_attributes.valid_at = (SubPlan 4))",
                      "Rows Removed by Filter": 4138978,
                      "Shared Hit Blocks": 12747589,
                      "Shared Read Blocks": 55131,
                      "Shared Dirtied Blocks": 0,
                      "Shared Written Blocks": 0,
                      "Local Hit Blocks": 0,
                      "Local Read Blocks": 0,
                      "Local Dirtied Blocks": 0,
                      "Local Written Blocks": 0,
                      "Temp Read Blocks": 0,
                      "Temp Written Blocks": 0,
                      "Plans": [
                        {
                          "Node Type": "Result",
                          "Parent Relationship": "SubPlan",
                          "Subplan Name": "SubPlan 4",
                          "Parallel Aware": false,
                          "Async Capable": false,
                          "Startup Cost": 0.61,
                          "Total Cost": 0.62,
                          "Plan Rows": 1,
                          "Plan Width": 8,
                          "Actual Startup Time": 0.086,
                          "Actual Total Time": 0.097,
                          "Actual Rows": 1,
                          "Actual Loops": 4139981,
                          "Output": ["$3"],
                          "Shared Hit Blocks": 12747365,
                          "Shared Read Blocks": 641,
                          "Shared Dirtied Blocks": 0,
                          "Shared Written Blocks": 0,
                          "Local Hit Blocks": 0,
                          "Local Read Blocks": 0,
                          "Local Dirtied Blocks": 0,
                          "Local Written Blocks": 0,
                          "Temp Read Blocks": 0,
                          "Temp Written Blocks": 0,
                          "Plans": [
                            {
                              "Node Type": "Limit",
                              "Parent Relationship": "InitPlan",
                              "Subplan Name": "InitPlan 3 (returns $3)",
                              "Parallel Aware": false,
                              "Async Capable": false,
                              "Startup Cost": 0.43,
                              "Total Cost": 0.61,
                              "Plan Rows": 1,
                              "Plan Width": 8,
                              "Actual Startup Time": 0.041,
                              "Actual Total Time": 0.052,
                              "Actual Rows": 1,
                              "Actual Loops": 4139981,
                              "Output": ["sub_1.valid_at"],
                              "Shared Hit Blocks": 12747365,
                              "Shared Read Blocks": 641,
                              "Shared Dirtied Blocks": 0,
                              "Shared Written Blocks": 0,
                              "Local Hit Blocks": 0,
                              "Local Read Blocks": 0,
                              "Local Dirtied Blocks": 0,
                              "Local Written Blocks": 0,
                              "Temp Read Blocks": 0,
                              "Temp Written Blocks": 0,
                              "Plans": [
                                {
                                  "Node Type": "Index Only Scan",
                                  "Parent Relationship": "Outer",
                                  "Parallel Aware": false,
                                  "Async Capable": false,
                                  "Scan Direction": "Backward",
                                  "Index Name": "index_a_name_attributes_on_entity_id_and_valid_at",
                                  "Relation Name": "a_name_attributes",
                                  "Schema": "public",
                                  "Alias": "sub_1",
                                  "Startup Cost": 0.43,
                                  "Total Cost": 880.91,
                                  "Plan Rows": 4988,
                                  "Plan Width": 8,
                                  "Actual Startup Time": 0.018,
                                  "Actual Total Time": 0.018,
                                  "Actual Rows": 1,
                                  "Actual Loops": 4139981,
                                  "Output": ["sub_1.valid_at"],
                                  "Index Cond": "((sub_1.entity_id = a_name_attributes.entity_id) AND (sub_1.valid_at IS NOT NULL) AND (sub_1.valid_at <= '2022-07-28 07:33:50.426896'::timestamp without time zone))",
                                  "Rows Removed by Index Recheck": 0,
                                  "Heap Fetches": 328061,
                                  "Shared Hit Blocks": 12747365,
                                  "Shared Read Blocks": 641,
                                  "Shared Dirtied Blocks": 0,
                                  "Shared Written Blocks": 0,
                                  "Local Hit Blocks": 0,
                                  "Local Read Blocks": 0,
                                  "Local Dirtied Blocks": 0,
                                  "Local Written Blocks": 0,
                                  "Temp Read Blocks": 0,
                                  "Temp Written Blocks": 0
                                }
                              ]
                            }
                          ]
                        }
                      ]
                    },
                    {
                      "Node Type": "Memoize",
                      "Parent Relationship": "Inner",
                      "Parallel Aware": false,
                      "Async Capable": false,
                      "Startup Cost": 0.44,
                      "Total Cost": 3581.55,
                      "Plan Rows": 24,
                      "Plan Width": 12,
                      "Actual Startup Time": 254.758,
                      "Actual Total Time": 517.434,
                      "Actual Rows": 1,
                      "Actual Loops": 1003,
                      "Output": ["a_age_attributes.value", "a_age_attributes.entity_id"],
                      "Cache Key": "a_name_attributes.entity_id",
                      "Cache Mode": "logical",
                      "Cache Hits": 0,
                      "Cache Misses": 1003,
                      "Cache Evictions": 0,
                      "Cache Overflows": 0,
                      "Peak Memory Usage": 114,
                      "Shared Hit Blocks": 13432361,
                      "Shared Read Blocks": 33664,
                      "Shared Dirtied Blocks": 0,
                      "Shared Written Blocks": 0,
                      "Local Hit Blocks": 0,
                      "Local Read Blocks": 0,
                      "Local Dirtied Blocks": 0,
                      "Local Written Blocks": 0,
                      "Temp Read Blocks": 0,
                      "Temp Written Blocks": 0,
                      "Plans": [
                        {
                          "Node Type": "Index Scan",
                          "Parent Relationship": "Outer",
                          "Parallel Aware": false,
                          "Async Capable": false,
                          "Scan Direction": "Forward",
                          "Index Name": "index_a_age_attributes_on_entity_id",
                          "Relation Name": "a_age_attributes",
                          "Schema": "public",
                          "Alias": "a_age_attributes",
                          "Startup Cost": 0.43,
                          "Total Cost": 3581.54,
                          "Plan Rows": 24,
                          "Plan Width": 12,
                          "Actual Startup Time": 254.728,
                          "Actual Total Time": 517.377,
                          "Actual Rows": 1,
                          "Actual Loops": 1003,
                          "Output": ["a_age_attributes.value", "a_age_attributes.entity_id"],
                          "Index Cond": "(a_age_attributes.entity_id = a_name_attributes.entity_id)",
                          "Rows Removed by Index Recheck": 0,
                          "Filter": "(a_age_attributes.valid_at = (SubPlan 6))",
                          "Rows Removed by Filter": 4259,
                          "Shared Hit Blocks": 13432361,
                          "Shared Read Blocks": 33664,
                          "Shared Dirtied Blocks": 0,
                          "Shared Written Blocks": 0,
                          "Local Hit Blocks": 0,
                          "Local Read Blocks": 0,
                          "Local Dirtied Blocks": 0,
                          "Local Written Blocks": 0,
                          "Temp Read Blocks": 0,
                          "Temp Written Blocks": 0,
                          "Plans": [
                            {
                              "Node Type": "Result",
                              "Parent Relationship": "SubPlan",
                              "Subplan Name": "SubPlan 6",
                              "Parallel Aware": false,
                              "Async Capable": false,
                              "Startup Cost": 0.71,
                              "Total Cost": 0.72,
                              "Plan Rows": 1,
                              "Plan Width": 8,
                              "Actual Startup Time": 0.086,
                              "Actual Total Time": 0.097,
                              "Actual Rows": 1,
                              "Actual Loops": 4272244,
                              "Output": ["$5"],
                              "Shared Hit Blocks": 13426738,
                              "Shared Read Blocks": 1064,
                              "Shared Dirtied Blocks": 0,
                              "Shared Written Blocks": 0,
                              "Local Hit Blocks": 0,
                              "Local Read Blocks": 0,
                              "Local Dirtied Blocks": 0,
                              "Local Written Blocks": 0,
                              "Temp Read Blocks": 0,
                              "Temp Written Blocks": 0,
                              "Plans": [
                                {
                                  "Node Type": "Limit",
                                  "Parent Relationship": "InitPlan",
                                  "Subplan Name": "InitPlan 5 (returns $5)",
                                  "Parallel Aware": false,
                                  "Async Capable": false,
                                  "Startup Cost": 0.43,
                                  "Total Cost": 0.71,
                                  "Plan Rows": 1,
                                  "Plan Width": 8,
                                  "Actual Startup Time": 0.041,
                                  "Actual Total Time": 0.052,
                                  "Actual Rows": 1,
                                  "Actual Loops": 4272244,
                                  "Output": ["sub_2.valid_at"],
                                  "Shared Hit Blocks": 13426738,
                                  "Shared Read Blocks": 1064,
                                  "Shared Dirtied Blocks": 0,
                                  "Shared Written Blocks": 0,
                                  "Local Hit Blocks": 0,
                                  "Local Read Blocks": 0,
                                  "Local Dirtied Blocks": 0,
                                  "Local Written Blocks": 0,
                                  "Temp Read Blocks": 0,
                                  "Temp Written Blocks": 0,
                                  "Plans": [
                                    {
                                      "Node Type": "Index Only Scan",
                                      "Parent Relationship": "Outer",
                                      "Parallel Aware": false,
                                      "Async Capable": false,
                                      "Scan Direction": "Backward",
                                      "Index Name": "index_a_age_attributes_on_entity_id_and_valid_at",
                                      "Relation Name": "a_age_attributes",
                                      "Schema": "public",
                                      "Alias": "sub_2",
                                      "Startup Cost": 0.43,
                                      "Total Cost": 1339.49,
                                      "Plan Rows": 4833,
                                      "Plan Width": 8,
                                      "Actual Startup Time": 0.018,
                                      "Actual Total Time": 0.018,
                                      "Actual Rows": 1,
                                      "Actual Loops": 4272244,
                                      "Output": ["sub_2.valid_at"],
                                      "Index Cond": "((sub_2.entity_id = a_age_attributes.entity_id) AND (sub_2.valid_at IS NOT NULL) AND (sub_2.valid_at <= '2022-07-28 07:33:50.426896'::timestamp without time zone))",
                                      "Rows Removed by Index Recheck": 0,
                                      "Heap Fetches": 611069,
                                      "Shared Hit Blocks": 13426738,
                                      "Shared Read Blocks": 1064,
                                      "Shared Dirtied Blocks": 0,
                                      "Shared Written Blocks": 0,
                                      "Local Hit Blocks": 0,
                                      "Local Read Blocks": 0,
                                      "Local Dirtied Blocks": 0,
                                      "Local Written Blocks": 0,
                                      "Temp Read Blocks": 0,
                                      "Temp Written Blocks": 0
                                    }
                                  ]
                                }
                              ]
                            }
                          ]
                        }
                      ]
                    }
                  ]
                },
                {
                  "Node Type": "Memoize",
                  "Parent Relationship": "Inner",
                  "Parallel Aware": false,
                  "Async Capable": false,
                  "Startup Cost": 0.29,
                  "Total Cost": 0.30,
                  "Plan Rows": 1,
                  "Plan Width": 16,
                  "Actual Startup Time": 0.065,
                  "Actual Total Time": 0.065,
                  "Actual Rows": 1,
                  "Actual Loops": 914,
                  "Output": ["\"as\".id", "\"as\".created_at"],
                  "Cache Key": "a_name_attributes.entity_id",
                  "Cache Mode": "logical",
                  "Cache Hits": 0,
                  "Cache Misses": 914,
                  "Cache Evictions": 0,
                  "Cache Overflows": 0,
                  "Peak Memory Usage": 108,
                  "Shared Hit Blocks": 2735,
                  "Shared Read Blocks": 7,
                  "Shared Dirtied Blocks": 0,
                  "Shared Written Blocks": 0,
                  "Local Hit Blocks": 0,
                  "Local Read Blocks": 0,
                  "Local Dirtied Blocks": 0,
                  "Local Written Blocks": 0,
                  "Temp Read Blocks": 0,
                  "Temp Written Blocks": 0,
                  "Plans": [
                    {
                      "Node Type": "Index Scan",
                      "Parent Relationship": "Outer",
                      "Parallel Aware": false,
                      "Async Capable": false,
                      "Scan Direction": "Forward",
                      "Index Name": "as_pkey",
                      "Relation Name": "as",
                      "Schema": "public",
                      "Alias": "as",
                      "Startup Cost": 0.28,
                      "Total Cost": 0.29,
                      "Plan Rows": 1,
                      "Plan Width": 16,
                      "Actual Startup Time": 0.038,
                      "Actual Total Time": 0.038,
                      "Actual Rows": 1,
                      "Actual Loops": 914,
                      "Output": ["\"as\".id", "\"as\".created_at"],
                      "Index Cond": "(\"as\".id = a_name_attributes.entity_id)",
                      "Rows Removed by Index Recheck": 0,
                      "Shared Hit Blocks": 2735,
                      "Shared Read Blocks": 7,
                      "Shared Dirtied Blocks": 0,
                      "Shared Written Blocks": 0,
                      "Local Hit Blocks": 0,
                      "Local Read Blocks": 0,
                      "Local Dirtied Blocks": 0,
                      "Local Written Blocks": 0,
                      "Temp Read Blocks": 0,
                      "Temp Written Blocks": 0
                    }
                  ]
                }
              ]
            }
          ]
        }
      ]
    },
    "Planning": {
      "Shared Hit Blocks": 549,
      "Shared Read Blocks": 0,
      "Shared Dirtied Blocks": 0,
      "Shared Written Blocks": 0,
      "Local Hit Blocks": 0,
      "Local Read Blocks": 0,
      "Local Dirtied Blocks": 0,
      "Local Written Blocks": 0,
      "Temp Read Blocks": 0,
      "Temp Written Blocks": 0
    },
    "Planning Time": 1.941,
    "Triggers": [
    ],
    "JIT": {
      "Functions": 56,
      "Options": {
        "Inlining": true,
        "Optimization": true,
        "Expressions": true,
        "Deforming": true
      },
      "Timing": {
        "Generation": 3.891,
        "Inlining": 42.256,
        "Optimization": 90.663,
        "Emission": 61.073,
        "Total": 197.883
      }
    },
    "Execution Time": 2475753.577
  }
]
